<?xml version="1.0" encoding="UTF-8"?>
<!-- Generated by org.testng.reporters.JUnitReportReporter -->
<testsuite skipped="0" hostname="Mir-PC" name="testcases.LoginTest" tests="1" failures="0" timestamp="2020-10-09T22:59:10 EDT" time="17.952" errors="0">
  <testcase name="loginTest" time="17.952" classname="testcases.LoginTest"/>
</testsuite> <!-- testcases.LoginTest -->
